<?xml version="1.0" encoding="UTF-8"?>
<testng-results ignored="0" total="2" passed="2" failed="0" skipped="0">
  <reporter-output>
  </reporter-output>
  <suite started-at="2023-11-08T09:11:08 IST" name="Default suite" finished-at="2023-11-08T09:11:41 IST" duration-ms="32792">
    <groups>
    </groups>
    <test started-at="2023-11-08T09:11:08 IST" name="Default test" finished-at="2023-11-08T09:11:41 IST" duration-ms="32792">
      <class name="com.Testcases.MovestackTest">
        <test-method is-config="true" signature="setup()[pri:0, instance:com.Testcases.MovestackTest@71d44a3]" started-at="2023-11-08T09:11:08 IST" name="setup" finished-at="2023-11-08T09:11:17 IST" duration-ms="9261" status="PASS">
          <reporter-output>
          </reporter-output>
        </test-method> <!-- setup -->
        <test-method signature="movestockStoW()[pri:0, instance:com.Testcases.MovestackTest@71d44a3]" started-at="2023-11-08T09:11:17 IST" name="movestockStoW" finished-at="2023-11-08T09:11:26 IST" duration-ms="9335" status="PASS">
          <reporter-output>
          </reporter-output>
        </test-method> <!-- movestockStoW -->
        <test-method is-config="true" signature="setup()[pri:0, instance:com.Testcases.MovestackTest@71d44a3]" started-at="2023-11-08T09:11:26 IST" name="setup" finished-at="2023-11-08T09:11:31 IST" duration-ms="4890" status="PASS">
          <reporter-output>
          </reporter-output>
        </test-method> <!-- setup -->
        <test-method signature="movestockWtoS()[pri:0, instance:com.Testcases.MovestackTest@71d44a3]" started-at="2023-11-08T09:11:31 IST" name="movestockWtoS" finished-at="2023-11-08T09:11:41 IST" duration-ms="9191" status="PASS">
          <reporter-output>
          </reporter-output>
        </test-method> <!-- movestockWtoS -->
      </class> <!-- com.Testcases.MovestackTest -->
    </test> <!-- Default test -->
  </suite> <!-- Default suite -->
</testng-results>
